SF:lib/data/datasources/tv_series_local_data_source.dart
DA:17,1
DA:19,1
DA:21,3
DA:22,1
DA:23,3
DA:24,2
DA:27,1
DA:29,2
DA:30,2
DA:31,1
DA:32,2
DA:33,1
DA:34,2
DA:37,1
DA:39,2
DA:40,2
DA:41,1
DA:42,1
DA:43,1
DA:46,1
DA:48,3
DA:49,2
DA:50,1
DA:51,2
LF:24
LH:24
end_of_record
SF:lib/data/models/tv_series_detail_model.dart
DA:13,3
DA:22,2
DA:23,2
DA:24,2
DA:25,2
DA:26,2
DA:27,2
DA:28,4
DA:29,2
DA:30,2
DA:31,2
DA:35,2
DA:36,2
DA:37,2
DA:38,2
DA:39,2
DA:40,2
DA:41,2
DA:42,6
DA:46,0
DA:47,0
DA:48,0
DA:49,0
DA:50,0
DA:51,0
DA:52,0
DA:53,0
LF:27
LH:19
end_of_record
SF:lib/data/models/tv_series_model.dart
DA:12,5
DA:20,4
DA:21,4
DA:22,4
DA:23,4
DA:24,4
DA:25,4
DA:26,8
DA:30,1
DA:31,1
DA:32,1
DA:33,1
DA:34,1
DA:35,1
DA:36,1
DA:40,1
DA:41,1
DA:42,1
DA:43,1
DA:44,1
DA:45,1
DA:46,1
DA:50,1
DA:51,6
LF:24
LH:24
end_of_record
SF:lib/data/models/season_model.dart
DA:11,1
DA:20,1
DA:21,1
DA:22,1
DA:23,1
DA:24,1
DA:25,1
DA:26,1
DA:27,1
DA:31,1
DA:32,1
DA:33,1
DA:34,1
DA:35,1
DA:36,1
DA:37,1
DA:38,1
DA:42,0
DA:43,0
DA:44,0
DA:45,0
DA:46,0
DA:47,0
DA:48,0
DA:49,0
LF:25
LH:17
end_of_record
SF:lib/domain/entities/season.dart
DA:10,2
LF:1
LH:1
end_of_record
SF:lib/domain/entities/tv_series_detail.dart
DA:11,2
LF:1
LH:1
end_of_record
SF:lib/domain/entities/tv_series.dart
DA:11,10
DA:19,3
DA:20,18
LF:3
LH:3
end_of_record
SF:lib/data/datasources/tv_series_remote_data_source.dart
DA:22,2
DA:28,2
DA:30,4
DA:31,8
DA:33,4
DA:34,4
DA:35,2
DA:36,6
DA:37,2
DA:39,2
DA:43,1
DA:45,2
DA:46,4
DA:48,2
DA:49,2
DA:50,1
DA:51,3
DA:52,1
DA:54,1
DA:58,1
DA:60,2
DA:61,4
DA:63,2
DA:64,2
DA:65,1
DA:66,3
DA:67,1
DA:69,1
DA:73,1
DA:75,2
DA:76,4
DA:78,2
DA:79,2
DA:80,1
DA:82,1
DA:86,1
DA:88,2
DA:89,4
DA:91,2
DA:92,2
DA:93,1
DA:94,3
DA:95,1
DA:97,1
DA:101,1
DA:103,2
DA:104,4
DA:106,2
DA:107,2
DA:108,1
DA:109,3
DA:110,1
DA:112,1
DA:116,1
DA:118,2
DA:119,4
DA:121,2
DA:122,2
DA:123,1
DA:124,3
DA:125,1
DA:127,1
LF:62
LH:62
end_of_record
SF:lib/data/models/episode_model.dart
DA:10,2
DA:18,2
DA:19,2
DA:20,2
DA:21,2
DA:22,2
DA:23,2
DA:24,2
DA:28,1
DA:29,1
DA:30,1
DA:31,1
DA:32,1
DA:33,1
DA:34,1
DA:38,0
DA:39,0
DA:40,0
DA:41,0
DA:42,0
DA:43,0
DA:44,0
LF:22
LH:15
end_of_record
SF:lib/domain/entities/episode.dart
DA:9,2
LF:1
LH:1
end_of_record
SF:lib/data/repositories/tv_series_repository_impl.dart
DA:13,1
DA:18,1
DA:20,2
DA:21,4
DA:24,0
DA:26,0
DA:27,0
DA:30,0
DA:32,0
DA:33,0
DA:36,0
DA:38,0
DA:39,0
DA:42,0
DA:44,0
DA:45,0
DA:48,0
DA:50,0
DA:51,0
DA:54,0
DA:56,0
DA:57,0
DA:58,0
DA:59,0
DA:60,0
DA:61,0
DA:62,0
DA:64,0
DA:67,0
DA:69,0
DA:72,0
DA:74,0
DA:75,0
DA:78,0
DA:80,0
DA:83,0
DA:85,0
DA:86,0
LF:38
LH:4
end_of_record
SF:lib/domain/usecases/tv_series_usecases.dart
DA:7,2
DA:9,2
DA:10,4
DA:16,1
DA:18,1
DA:19,2
DA:25,1
DA:27,1
DA:28,2
DA:34,1
DA:36,1
DA:37,2
DA:43,1
DA:45,1
DA:46,2
DA:52,1
DA:54,1
DA:55,2
DA:61,1
DA:63,1
DA:64,2
DA:70,1
DA:72,1
DA:73,2
DA:79,1
DA:81,1
DA:82,2
DA:88,1
DA:90,1
DA:91,2
LF:30
LH:30
end_of_record
SF:lib/presentation/cubit/tv_series_list_cubit.dart
DA:22,1
DA:34,2
DA:36,1
DA:37,2
DA:39,2
DA:40,2
DA:41,2
DA:42,1
DA:43,1
DA:50,3
DA:54,1
DA:55,2
DA:58,1
DA:59,2
DA:62,1
DA:63,2
DA:66,1
DA:67,2
DA:70,1
DA:71,2
DA:74,1
DA:75,2
DA:78,1
DA:79,2
DA:82,1
DA:83,2
LF:26
LH:26
end_of_record
SF:lib/domain/usecases/get_season_episodes.dart
DA:6,1
DA:8,1
DA:9,2
LF:3
LH:3
end_of_record
SF:lib/presentation/cubit/tv_series_list_state.dart
DA:5,1
DA:6,1
DA:16,7
DA:22,1
DA:23,4
DA:27,3
DA:28,1
DA:29,2
LF:8
LH:8
end_of_record
SF:lib/presentation/pages/tv_series_category_page.dart
DA:10,1
DA:12,1
DA:14,1
DA:16,1
DA:19,2
DA:22,1
DA:23,2
DA:24,1
DA:25,2
DA:26,1
DA:28,1
DA:30,1
DA:32,1
DA:33,2
DA:34,0
DA:35,0
DA:36,0
DA:39,2
DA:40,3
DA:41,0
DA:42,0
DA:43,0
DA:44,0
DA:45,0
DA:46,0
DA:49,0
LF:26
LH:16
end_of_record
SF:lib/presentation/pages/tv_series_search_page.dart
DA:7,1
DA:9,1
DA:10,1
DA:19,1
DA:20,2
DA:21,1
DA:22,1
DA:25,2
DA:27,1
DA:28,2
DA:29,1
DA:30,1
DA:33,2
DA:34,2
DA:35,1
DA:40,1
DA:42,1
DA:44,1
DA:50,1
DA:52,1
DA:54,1
DA:55,1
DA:56,1
DA:57,1
DA:58,1
DA:61,1
DA:62,1
DA:67,1
DA:68,1
DA:69,1
DA:76,1
DA:79,1
DA:81,0
DA:82,0
DA:83,0
DA:99,1
DA:100,1
DA:101,1
DA:102,3
DA:104,2
DA:105,1
DA:106,1
DA:107,2
DA:108,1
DA:109,2
DA:110,1
DA:112,1
DA:114,1
DA:116,1
DA:117,2
DA:118,0
DA:119,0
DA:120,0
DA:121,0
DA:127,1
DA:128,1
DA:131,1
DA:132,2
DA:135,0
DA:137,0
DA:138,0
DA:140,0
DA:141,0
DA:142,0
DA:145,0
LF:65
LH:51
end_of_record
SF:lib/presentation/pages/tv_series_home_page.dart
DA:7,2
DA:9,2
DA:11,2
DA:13,2
DA:17,2
DA:18,2
DA:20,0
DA:21,0
DA:22,0
DA:23,0
DA:24,0
DA:27,0
DA:29,0
DA:31,0
DA:33,0
DA:34,0
DA:35,0
DA:36,0
DA:37,0
DA:40,0
DA:52,2
DA:54,2
DA:58,2
DA:59,2
DA:60,2
DA:62,2
DA:63,2
DA:65,2
DA:66,4
DA:67,4
DA:68,4
DA:71,1
DA:72,3
DA:77,2
DA:78,0
DA:84,2
DA:85,2
DA:87,2
DA:88,2
DA:90,2
DA:92,2
DA:93,2
DA:94,2
DA:95,1
DA:96,2
DA:106,2
DA:108,2
DA:110,2
DA:111,2
DA:112,2
DA:113,2
DA:114,1
DA:115,1
DA:116,2
DA:117,2
DA:118,1
DA:119,1
DA:122,1
DA:129,2
DA:132,2
DA:134,2
DA:136,2
DA:138,2
DA:139,2
DA:140,2
DA:142,4
DA:143,6
DA:147,2
DA:149,4
LF:69
LH:54
end_of_record
SF:lib/presentation/pages/tv_series_detail_page.dart
DA:12,1
DA:18,1
DA:19,1
DA:26,1
DA:28,1
DA:29,1
DA:32,1
DA:33,2
DA:34,4
DA:35,4
DA:38,0
DA:39,0
DA:40,0
DA:41,0
DA:42,0
DA:44,0
DA:46,0
DA:47,0
DA:48,0
DA:49,0
DA:50,0
DA:51,0
DA:52,0
DA:59,1
DA:61,1
DA:63,1
DA:67,1
DA:68,3
DA:71,1
DA:72,1
DA:74,0
DA:75,0
DA:76,0
DA:77,0
DA:78,0
DA:81,0
DA:83,0
DA:84,0
DA:85,0
DA:86,0
DA:87,0
DA:88,0
DA:91,0
DA:93,0
DA:94,0
DA:96,0
DA:97,0
DA:98,0
DA:99,0
DA:100,0
DA:103,0
DA:114,0
DA:115,0
DA:116,0
DA:117,0
DA:118,0
DA:121,0
DA:135,1
DA:136,1
DA:138,1
DA:139,4
DA:140,1
DA:141,1
DA:142,1
DA:143,1
DA:144,4
DA:151,1
DA:156,1
DA:158,1
DA:159,1
DA:160,1
DA:161,3
DA:171,1
DA:172,1
DA:173,1
DA:177,1
DA:178,1
DA:181,2
DA:182,2
DA:183,2
DA:188,1
DA:190,1
DA:191,1
DA:194,1
DA:195,4
DA:201,1
DA:206,1
DA:214,1
DA:216,1
DA:217,3
DA:221,1
DA:226,1
DA:234,4
DA:235,2
DA:236,1
DA:237,1
DA:239,1
DA:240,1
DA:243,1
DA:244,2
DA:251,0
DA:252,0
DA:254,0
DA:255,0
DA:256,0
DA:257,0
DA:258,0
DA:275,1
DA:280,1
DA:288,1
DA:290,1
DA:292,3
DA:293,1
DA:294,3
DA:295,1
DA:296,0
DA:297,0
DA:298,0
DA:299,0
DA:300,0
DA:301,0
DA:304,0
DA:311,1
DA:314,1
DA:316,1
DA:318,1
DA:319,1
DA:320,2
DA:321,1
DA:325,1
DA:326,2
DA:336,1
DA:338,1
DA:339,1
DA:352,1
LF:135
LH:81
end_of_record
SF:lib/presentation/pages/tv_series_episode_list_page.dart
DA:12,1
DA:19,1
DA:21,1
DA:23,1
DA:25,2
DA:28,1
DA:29,2
DA:30,1
DA:31,1
DA:33,1
DA:34,2
DA:37,1
DA:38,0
DA:40,1
DA:41,1
DA:44,1
DA:45,1
DA:46,1
DA:47,1
DA:48,1
DA:49,2
DA:50,1
DA:51,1
DA:52,1
DA:53,2
DA:59,1
DA:60,1
DA:63,1
DA:64,2
DA:68,0
DA:69,0
DA:71,0
DA:72,0
DA:73,0
LF:34
LH:28
end_of_record
SF:lib/presentation/pages/tv_series_episode_detail_page.dart
DA:7,1
DA:12,1
DA:14,1
DA:16,1
DA:20,1
DA:21,2
DA:25,1
DA:27,1
DA:29,1
DA:30,3
DA:31,1
DA:32,1
DA:33,1
DA:34,1
DA:35,3
DA:43,1
DA:44,3
DA:52,1
DA:53,5
LF:19
LH:19
end_of_record
SF:lib/presentation/pages/watchlist_page.dart
DA:11,1
DA:18,1
DA:20,1
DA:22,1
DA:28,2
DA:35,1
DA:36,2
DA:37,1
DA:38,2
DA:39,1
DA:44,1
DA:46,1
DA:48,1
DA:49,2
DA:50,1
DA:51,1
DA:52,1
DA:53,2
DA:59,1
DA:60,1
DA:63,1
DA:64,2
DA:67,1
DA:69,0
DA:71,0
DA:73,0
DA:74,0
DA:75,0
DA:76,0
DA:77,0
DA:80,0
DA:82,0
DA:83,0
DA:89,0
DA:90,0
DA:91,0
DA:92,0
DA:93,0
DA:95,0
DA:96,0
DA:99,0
LF:41
LH:23
end_of_record
